Сборка начата 25.11.2021 23:37:26.
Уровень детализации журнала: Normal.     1>Проект "D:\study\3course\Shiman\lab8\ConcurrentServer\ConcurrentServer\ConcurrentServer.vcxproj" в узле 2 (целевые объекты Rebuild).
     1>_PrepareForClean:
         Файл "x64\Debug\ConcurrentServer.tlog\ConcurrentServer.lastbuildstate" удаляется.
       InitializeBuildStatus:
         Создание "x64\Debug\ConcurrentServer.tlog\unsuccessfulbuild", так как было задано "AlwaysCreate".
       ClCompile:
         C:\Program Files (x86)\Microsoft Visual Studio\2019\Enterprise\VC\Tools\MSVC\14.28.29333\bin\HostX86\x64\CL.exe /c /ZI /JMC /nologo /W3 /WX- /diagnostics:column /sdl /Od /D _DEBUG /D _CONSOLE /D _UNICODE /D UNICODE /Gm- /EHsc /RTC1 /MDd /GS /fp:precise /permissive- /Zc:wchar_t /Zc:forScope /Zc:inline /Fo"x64\Debug\\" /Fd"x64\Debug\vc142.pdb" /Gd /TP /FC /errorReport:prompt ConcurrentServer.cpp
         ConcurrentServer.cpp
     1>D:\study\3course\Shiman\lab8\ConcurrentServer\ConcurrentServer\Files.h(111,34): warning C4312: приведение типов: преобразование из "DWORD" в "Contact *" большего размера
     1>D:\study\3course\Shiman\lab8\ConcurrentServer\ConcurrentServer\Files.h(128,34): warning C4312: приведение типов: преобразование из "DWORD" в "Contact *" большего размера
     1>D:\study\3course\Shiman\lab8\ConcurrentServer\ConcurrentServer\ResponseServer.h(55,9): warning C4267: аргумент: преобразование из "size_t" в "int"; возможна потеря данных
       Link:
         C:\Program Files (x86)\Microsoft Visual Studio\2019\Enterprise\VC\Tools\MSVC\14.28.29333\bin\HostX86\x64\link.exe /ERRORREPORT:PROMPT /OUT:"D:\study\3course\Shiman\lab8\ConcurrentServer\x64\Debug\ConcurrentServer.exe" /INCREMENTAL /NOLOGO kernel32.lib user32.lib gdi32.lib winspool.lib comdlg32.lib advapi32.lib shell32.lib ole32.lib oleaut32.lib uuid.lib odbc32.lib odbccp32.lib /MANIFEST /MANIFESTUAC:"level='asInvoker' uiAccess='false'" /manifest:embed /DEBUG:FASTLINK /PDB:"D:\study\3course\Shiman\lab8\ConcurrentServer\x64\Debug\ConcurrentServer.pdb" /SUBSYSTEM:CONSOLE /TLBID:1 /DYNAMICBASE /NXCOMPAT /IMPLIB:"D:\study\3course\Shiman\lab8\ConcurrentServer\x64\Debug\ConcurrentServer.lib" /MACHINE:X64 x64\Debug\ConcurrentServer.obj
         ConcurrentServer.vcxproj -> D:\study\3course\Shiman\lab8\ConcurrentServer\x64\Debug\ConcurrentServer.exe
       FinalizeBuildStatus:
         Файл "x64\Debug\ConcurrentServer.tlog\unsuccessfulbuild" удаляется.
         Обращение к "x64\Debug\ConcurrentServer.tlog\ConcurrentServer.lastbuildstate".
     1>Сборка проекта "D:\study\3course\Shiman\lab8\ConcurrentServer\ConcurrentServer\ConcurrentServer.vcxproj" завершена (целевые объекты Rebuild).

Сборка успешно завершена.

       "D:\study\3course\Shiman\lab8\ConcurrentServer\ConcurrentServer\ConcurrentServer.vcxproj" (целевой объект Rebuild ) (1) ->
       (Целевой объект ClCompile) -> 
         D:\study\3course\Shiman\lab8\ConcurrentServer\ConcurrentServer\Files.h(111,34): warning C4312: приведение типов: преобразование из "DWORD" в "Contact *" большего размера
         D:\study\3course\Shiman\lab8\ConcurrentServer\ConcurrentServer\Files.h(128,34): warning C4312: приведение типов: преобразование из "DWORD" в "Contact *" большего размера
         D:\study\3course\Shiman\lab8\ConcurrentServer\ConcurrentServer\ResponseServer.h(55,9): warning C4267: аргумент: преобразование из "size_t" в "int"; возможна потеря данных

    Предупреждений: 3
    Ошибок: 0

Прошло времени 00:00:01.80
