Сборка начата 26.11.2021 7:42:01.
Уровень детализации журнала: Normal.     1>Проект "D:\study\3course\Shiman\lab8\ConcurrentServer\ServiceLibrary\ServiceLibrary.vcxproj" в узле 2 (целевые объекты Build).
     1>PrepareForBuild:
         Создание каталога "Release\ServiceLibrary.tlog\".
       InitializeBuildStatus:
         Создание "Release\ServiceLibrary.tlog\unsuccessfulbuild", так как было задано "AlwaysCreate".
       ClCompile:
         C:\Program Files (x86)\Microsoft Visual Studio\2019\Enterprise\VC\Tools\MSVC\14.28.29333\bin\HostX86\x86\CL.exe /c /Zi /nologo /W3 /WX- /diagnostics:column /sdl /O2 /Oi /Oy- /GL /D WIN32 /D NDEBUG /D SERVICELIBRARY_EXPORTS /D _WINDOWS /D _USRDLL /D _WINDLL /D _UNICODE /D UNICODE /Gm- /EHsc /MD /GS /Gy /fp:precise /permissive- /Zc:wchar_t /Zc:forScope /Zc:inline /Yc"pch.h" /Fp"Release\ServiceLibrary.pch" /Fo"Release\\" /Fd"Release\vc142.pdb" /Gd /TP /analyze- /FC /errorReport:prompt pch.cpp
         pch.cpp
         C:\Program Files (x86)\Microsoft Visual Studio\2019\Enterprise\VC\Tools\MSVC\14.28.29333\bin\HostX86\x86\CL.exe /c /Zi /nologo /W3 /WX- /diagnostics:column /sdl /O2 /Oi /Oy- /GL /D WIN32 /D NDEBUG /D SERVICELIBRARY_EXPORTS /D _WINDOWS /D _USRDLL /D _WINDLL /D _UNICODE /D UNICODE /Gm- /EHsc /MD /GS /Gy /fp:precise /permissive- /Zc:wchar_t /Zc:forScope /Zc:inline /Yu"pch.h" /Fp"Release\ServiceLibrary.pch" /Fo"Release\\" /Fd"Release\vc142.pdb" /Gd /TP /analyze- /FC /errorReport:prompt dllmain.cpp
         dllmain.cpp
     1>D:\study\3course\Shiman\lab8\ConcurrentServer\ServiceLibrary\RandServer.h(39,16): warning C4244: аргумент: преобразование "time_t" в "unsigned int", возможна потеря данных
       Link:
         C:\Program Files (x86)\Microsoft Visual Studio\2019\Enterprise\VC\Tools\MSVC\14.28.29333\bin\HostX86\x86\link.exe /ERRORREPORT:PROMPT /OUT:"D:\study\3course\Shiman\lab8\ConcurrentServer\Release\ServiceLibrary.dll" /INCREMENTAL:NO /NOLOGO kernel32.lib user32.lib gdi32.lib winspool.lib comdlg32.lib advapi32.lib shell32.lib ole32.lib oleaut32.lib uuid.lib odbc32.lib odbccp32.lib /MANIFEST /MANIFESTUAC:NO /manifest:embed /DEBUG /PDB:"D:\study\3course\Shiman\lab8\ConcurrentServer\Release\ServiceLibrary.pdb" /SUBSYSTEM:WINDOWS /OPT:REF /OPT:ICF /LTCG:incremental /TLBID:1 /DYNAMICBASE /NXCOMPAT /IMPLIB:"D:\study\3course\Shiman\lab8\ConcurrentServer\Release\ServiceLibrary.lib" /MACHINE:X86 /SAFESEH /DLL Release\dllmain.obj
         Release\pch.obj
            Создается библиотека D:\study\3course\Shiman\lab8\ConcurrentServer\Release\ServiceLibrary.lib и объект D:\study\3course\Shiman\lab8\ConcurrentServer\Release\ServiceLibrary.exp
         Создание кода
         Previous IPDB not found, fall back to full compilation.
         All 142 functions were compiled because no usable IPDB/IOBJ from previous compilation was found.
         Создание кода завершено
         ServiceLibrary.vcxproj -> D:\study\3course\Shiman\lab8\ConcurrentServer\Release\ServiceLibrary.dll
       FinalizeBuildStatus:
         Файл "Release\ServiceLibrary.tlog\unsuccessfulbuild" удаляется.
         Обращение к "Release\ServiceLibrary.tlog\ServiceLibrary.lastbuildstate".
     1>Сборка проекта "D:\study\3course\Shiman\lab8\ConcurrentServer\ServiceLibrary\ServiceLibrary.vcxproj" завершена (целевые объекты Build).

Сборка успешно завершена.

       "D:\study\3course\Shiman\lab8\ConcurrentServer\ServiceLibrary\ServiceLibrary.vcxproj" (целевой объект Build ) (1) ->
       (Целевой объект ClCompile) -> 
         D:\study\3course\Shiman\lab8\ConcurrentServer\ServiceLibrary\RandServer.h(39,16): warning C4244: аргумент: преобразование "time_t" в "unsigned int", возможна потеря данных

    Предупреждений: 1
    Ошибок: 0

Прошло времени 00:00:03.27
