Сборка начата 26.11.2021 7:41:38.
Уровень детализации журнала: Normal.     1>Проект "D:\study\3course\Shiman\lab8\ConcurrentServer\Clients\Clients.vcxproj" в узле 2 (целевые объекты Build).
     1>PrepareForBuild:
         Создание каталога "D:\study\3course\Shiman\lab8\ConcurrentServer\Release\".
         Создание каталога "Release\Clients.tlog\".
       InitializeBuildStatus:
         Создание "Release\Clients.tlog\unsuccessfulbuild", так как было задано "AlwaysCreate".
       ClCompile:
         C:\Program Files (x86)\Microsoft Visual Studio\2019\Enterprise\VC\Tools\MSVC\14.28.29333\bin\HostX86\x86\CL.exe /c /Zi /nologo /W3 /WX- /diagnostics:column /sdl /O2 /Oi /Oy- /GL /D WIN32 /D NDEBUG /D _CONSOLE /D _UNICODE /D UNICODE /Gm- /EHsc /MD /GS /Gy /fp:precise /permissive- /Zc:wchar_t /Zc:forScope /Zc:inline /Fo"Release\\" /Fd"Release\vc142.pdb" /Gd /TP /analyze- /FC /errorReport:prompt Clients.cpp
         Clients.cpp
     1>D:\study\3course\Shiman\lab8\ConcurrentServer\Clients\Clients.cpp(102,3): warning C4101: obuf: неиспользованная локальная переменная
       Link:
         C:\Program Files (x86)\Microsoft Visual Studio\2019\Enterprise\VC\Tools\MSVC\14.28.29333\bin\HostX86\x86\link.exe /ERRORREPORT:PROMPT /OUT:"D:\study\3course\Shiman\lab8\ConcurrentServer\Release\Clients.exe" /INCREMENTAL:NO /NOLOGO kernel32.lib user32.lib gdi32.lib winspool.lib comdlg32.lib advapi32.lib shell32.lib ole32.lib oleaut32.lib uuid.lib odbc32.lib odbccp32.lib /MANIFEST /MANIFESTUAC:"level='asInvoker' uiAccess='false'" /manifest:embed /DEBUG /PDB:"D:\study\3course\Shiman\lab8\ConcurrentServer\Release\Clients.pdb" /SUBSYSTEM:CONSOLE /OPT:REF /OPT:ICF /LTCG:incremental /TLBID:1 /DYNAMICBASE /NXCOMPAT /IMPLIB:"D:\study\3course\Shiman\lab8\ConcurrentServer\Release\Clients.lib" /MACHINE:X86 /SAFESEH Release\Clients.obj
         Создание кода
         Previous IPDB not found, fall back to full compilation.
         All 131 functions were compiled because no usable IPDB/IOBJ from previous compilation was found.
         Создание кода завершено
         Clients.vcxproj -> D:\study\3course\Shiman\lab8\ConcurrentServer\Release\Clients.exe
       FinalizeBuildStatus:
         Файл "Release\Clients.tlog\unsuccessfulbuild" удаляется.
         Обращение к "Release\Clients.tlog\Clients.lastbuildstate".
     1>Сборка проекта "D:\study\3course\Shiman\lab8\ConcurrentServer\Clients\Clients.vcxproj" завершена (целевые объекты Build).

Сборка успешно завершена.

       "D:\study\3course\Shiman\lab8\ConcurrentServer\Clients\Clients.vcxproj" (целевой объект Build ) (1) ->
       (Целевой объект ClCompile) -> 
         D:\study\3course\Shiman\lab8\ConcurrentServer\Clients\Clients.cpp(102,3): warning C4101: obuf: неиспользованная локальная переменная

    Предупреждений: 1
    Ошибок: 0

Прошло времени 00:00:04.19
