Сборка начата 26.11.2021 9:50:13.
Уровень детализации журнала: Normal.     1>Проект "D:\study\3course\Shiman\lab8\ConcurrentServer\RConsole\RConsole.vcxproj" в узле 2 (целевые объекты Build).
     1>InitializeBuildStatus:
         Создание "Release\RConsole.tlog\unsuccessfulbuild", так как было задано "AlwaysCreate".
       ClCompile:
         C:\Program Files (x86)\Microsoft Visual Studio\2019\Enterprise\VC\Tools\MSVC\14.28.29333\bin\HostX86\x86\CL.exe /c /Zi /nologo /W3 /WX- /diagnostics:column /sdl /O2 /Oi /Oy- /GL /D WIN32 /D NDEBUG /D _CONSOLE /D _UNICODE /D UNICODE /Gm- /EHsc /MD /GS /Gy /fp:precise /permissive- /Zc:wchar_t /Zc:forScope /Zc:inline /Fo"Release\\" /Fd"Release\vc142.pdb" /Gd /TP /analyze- /FC /errorReport:prompt RConsole.cpp
         RConsole.cpp
     1>D:\study\3course\Shiman\lab8\ConcurrentServer\RConsole\RConsole.cpp(17,2): warning C4065: оператор switch содержит метку "default", но не содержит ни одной метки "case"
       Link:
         C:\Program Files (x86)\Microsoft Visual Studio\2019\Enterprise\VC\Tools\MSVC\14.28.29333\bin\HostX86\x86\link.exe /ERRORREPORT:PROMPT /OUT:"D:\study\3course\Shiman\lab8\ConcurrentServer\Release\RConsole.exe" /INCREMENTAL:NO /NOLOGO kernel32.lib user32.lib gdi32.lib winspool.lib comdlg32.lib advapi32.lib shell32.lib ole32.lib oleaut32.lib uuid.lib odbc32.lib odbccp32.lib /MANIFEST /MANIFESTUAC:"level='asInvoker' uiAccess='false'" /manifest:embed /DEBUG /PDB:"D:\study\3course\Shiman\lab8\ConcurrentServer\Release\RConsole.pdb" /SUBSYSTEM:CONSOLE /OPT:REF /OPT:ICF /LTCG:incremental /TLBID:1 /DYNAMICBASE /NXCOMPAT /IMPLIB:"D:\study\3course\Shiman\lab8\ConcurrentServer\Release\RConsole.lib" /MACHINE:X86 /SAFESEH Release\RConsole.obj
         Создание кода
         1 of 107 functions ( 0.9%) were compiled, the rest were copied from previous compilation.
           0 functions were new in current compilation
           0 functions had inline decision re-evaluated but remain unchanged
         Создание кода завершено
         RConsole.vcxproj -> D:\study\3course\Shiman\lab8\ConcurrentServer\Release\RConsole.exe
       FinalizeBuildStatus:
         Файл "Release\RConsole.tlog\unsuccessfulbuild" удаляется.
         Обращение к "Release\RConsole.tlog\RConsole.lastbuildstate".
     1>Сборка проекта "D:\study\3course\Shiman\lab8\ConcurrentServer\RConsole\RConsole.vcxproj" завершена (целевые объекты Build).

Сборка успешно завершена.

       "D:\study\3course\Shiman\lab8\ConcurrentServer\RConsole\RConsole.vcxproj" (целевой объект Build ) (1) ->
       (Целевой объект ClCompile) -> 
         D:\study\3course\Shiman\lab8\ConcurrentServer\RConsole\RConsole.cpp(17,2): warning C4065: оператор switch содержит метку "default", но не содержит ни одной метки "case"

    Предупреждений: 1
    Ошибок: 0

Прошло времени 00:00:01.36
